2023-08-06 01:18:45,292 [ERROR] LogOutputStream:75 - [STDERR_REDIRECT] 
2023-08-06 01:19:53,463 [INFO] Activator:176 - 


2023-08-06 01:19:53,466 [INFO] Activator:177 - !SESSION log4j initialized
2023-08-06 01:20:01,814 [INFO] LogOutputStream:77 - [STDOUT_REDIRECT] 
2023-08-06 01:20:05,907 [INFO] ApplicationProperties:184 - Using Application install path: C:\ST\STM32CubeIDE_1.13.0\STM32CubeIDE\plugins\com.st.stm32cube.common.mx_6.9.0.202307051724
2023-08-06 01:20:05,938 [INFO] DbMcusXml:78 - Set database path to: C:\ST\STM32CubeIDE_1.13.0\STM32CubeIDE\plugins\com.st.stm32cube.common.mx_6.9.0.202307051724\\db\/mcu/
2023-08-06 01:20:05,940 [INFO] ApiDb:274 - Set plugin database path to: C:\ST\STM32CubeIDE_1.13.0\STM32CubeIDE\plugins\com.st.stm32cube.common.mx_6.9.0.202307051724\\db\/plugins/boardmanager/
2023-08-06 01:20:05,940 [WARN] ApiDb:259 - Overriding images path with different value:  => C:\ST\STM32CubeIDE_1.13.0\STM32CubeIDE\plugins\com.st.stm32cube.common.mx_6.9.0.202307051724\\db\/plugins/mcufinder/images/
2023-08-06 01:20:05,964 [INFO] ApiDb:250 - Set database path to: C:\Users\admin\.stmcufinder\plugins\mcufinder//mcu/
2023-08-06 01:20:05,966 [INFO] DbMcusAds:125 - Set database path to: C:\Users\admin\.stmcufinder\plugins\mcufinder//mcu/
2023-08-06 01:20:06,869 [INFO] CrossReferenceDbSqlite:203 - Set database path to: C:\Users\admin\.stmcufinder\plugins\mcufinder//mcu/cs/
2023-08-06 01:20:07,088 [INFO] RulesReader:64 - Compatibility file has been processed (293 Rules)
2023-08-06 01:20:07,224 [INFO] DbMcusXml:78 - Set database path to: C:\ST\STM32CubeIDE_1.13.0\STM32CubeIDE\plugins\com.st.stm32cube.common.mx_6.9.0.202307051724\\db\/mcu/
2023-08-06 01:20:07,225 [INFO] ApiDb:274 - Set plugin database path to: C:\ST\STM32CubeIDE_1.13.0\STM32CubeIDE\plugins\com.st.stm32cube.common.mx_6.9.0.202307051724\\db\/plugins/boardmanager/
2023-08-06 01:20:07,225 [INFO] ApiDb:261 - Set plugin images path to: C:\ST\STM32CubeIDE_1.13.0\STM32CubeIDE\plugins\com.st.stm32cube.common.mx_6.9.0.202307051724\\db\/plugins/mcufinder/images/
2023-08-06 01:20:07,225 [WARN] DbFile:41 - Overriding database path with different value: C:\Users\admin\.stmcufinder\plugins\mcufinder/ => C:\Users\admin\.stmcufinder\plugins\mcufinder
2023-08-06 01:20:07,225 [INFO] ApiDb:250 - Set database path to: C:\Users\admin\.stmcufinder\plugins\mcufinder//mcu/
2023-08-06 01:20:07,225 [WARN] DbFile:41 - Overriding database path with different value: C:\Users\admin\.stmcufinder\plugins\mcufinder/ => C:\Users\admin\.stmcufinder\plugins\mcufinder
2023-08-06 01:20:07,225 [INFO] DbMcusAds:125 - Set database path to: C:\Users\admin\.stmcufinder\plugins\mcufinder//mcu/
2023-08-06 01:20:07,225 [WARN] DbFile:41 - Overriding database path with different value: C:\Users\admin\.stmcufinder\plugins\mcufinder/ => C:\Users\admin\.stmcufinder\plugins\mcufinder
2023-08-06 01:20:07,226 [WARN] DbFile:41 - Overriding database path with different value: C:\Users\admin\.stmcufinder\plugins\mcufinder/ => C:\Users\admin\.stmcufinder\plugins\mcufinder
2023-08-06 01:20:07,860 [INFO] CrossReferenceDbSqlite:203 - Set database path to: C:\Users\admin\.stmcufinder\plugins\mcufinder//mcu/cs/
2023-08-06 01:20:07,995 [INFO] MainPanel:262 - HeapMemory: 268435456
2023-08-06 01:20:08,162 [INFO] DbMcusXml:78 - Set database path to: C:\ST\STM32CubeIDE_1.13.0\STM32CubeIDE\plugins\com.st.stm32cube.common.mx_6.9.0.202307051724\\db\/mcu/
2023-08-06 01:20:08,163 [INFO] ApiDb:274 - Set plugin database path to: C:\ST\STM32CubeIDE_1.13.0\STM32CubeIDE\plugins\com.st.stm32cube.common.mx_6.9.0.202307051724\\db\/plugins/boardmanager/
2023-08-06 01:20:08,163 [INFO] ApiDb:261 - Set plugin images path to: C:\ST\STM32CubeIDE_1.13.0\STM32CubeIDE\plugins\com.st.stm32cube.common.mx_6.9.0.202307051724\\db\/plugins/mcufinder/images/
2023-08-06 01:20:08,164 [WARN] DbFile:41 - Overriding database path with different value: C:\Users\admin\.stmcufinder\plugins\mcufinder/ => C:\Users\admin\.stmcufinder\plugins\mcufinder
2023-08-06 01:20:08,164 [INFO] ApiDb:250 - Set database path to: C:\Users\admin\.stmcufinder\plugins\mcufinder//mcu/
2023-08-06 01:20:08,164 [WARN] DbFile:41 - Overriding database path with different value: C:\Users\admin\.stmcufinder\plugins\mcufinder/ => C:\Users\admin\.stmcufinder\plugins\mcufinder
2023-08-06 01:20:08,164 [INFO] DbMcusAds:125 - Set database path to: C:\Users\admin\.stmcufinder\plugins\mcufinder//mcu/
2023-08-06 01:20:08,164 [WARN] DbFile:41 - Overriding database path with different value: C:\Users\admin\.stmcufinder\plugins\mcufinder/ => C:\Users\admin\.stmcufinder\plugins\mcufinder
2023-08-06 01:20:08,165 [WARN] DbFile:41 - Overriding database path with different value: C:\Users\admin\.stmcufinder\plugins\mcufinder/ => C:\Users\admin\.stmcufinder\plugins\mcufinder
2023-08-06 01:20:08,867 [INFO] CrossReferenceDbSqlite:203 - Set database path to: C:\Users\admin\.stmcufinder\plugins\mcufinder//mcu/cs/
2023-08-06 01:20:08,921 [INFO] ApplicationProperties:184 - Using Application install path: C:\ST\STM32CubeIDE_1.13.0\STM32CubeIDE\plugins\com.st.stm32cube.common.mx_6.9.0.202307051724
2023-08-06 01:20:08,925 [INFO] PluginManage:196 - Search for loadable plugins [exclusion list=, ]
2023-08-06 01:20:08,927 [INFO] PluginManage:310 - Check plugin analytics
2023-08-06 01:20:10,015 [INFO] AnalyticsPlugin:253 - Accepted Software Licenses: 
2023-08-06 01:20:10,024 [INFO] AnalyticsPlugin:255 - Accepted CMSIS Pack Licenses: 
2023-08-06 01:20:10,024 [INFO] AnalyticsPlugin:257 - Accepted Firmware Licenses: 
2023-08-06 01:20:10,029 [INFO] PluginManage:359 - Loaded plugin analytics (category:tool,tabindex:-1)
2023-08-06 01:20:10,029 [INFO] PluginManage:310 - Check plugin cadmodel
2023-08-06 01:20:10,065 [INFO] CADModel:105 - Init CAD model plugin
2023-08-06 01:20:10,065 [INFO] PluginManage:359 - Loaded plugin cadmodel (category:power,tabindex:5)
2023-08-06 01:20:10,067 [INFO] PluginManage:310 - Check plugin clock
2023-08-06 01:20:10,096 [INFO] PluginManage:359 - Loaded plugin clock (category:base,tabindex:2)
2023-08-06 01:20:10,096 [INFO] PluginManage:310 - Check plugin ddr
2023-08-06 01:20:10,100 [INFO] PluginManage:359 - Loaded plugin ddr (category:tool,tabindex:6)
2023-08-06 01:20:10,100 [INFO] PluginManage:310 - Check plugin filemanager
2023-08-06 01:20:10,317 [INFO] PluginManage:359 - Loaded plugin filemanager (category:base,tabindex:10)
2023-08-06 01:20:10,317 [INFO] PluginManage:310 - Check plugin ipmanager
2023-08-06 01:20:10,330 [INFO] PluginManage:359 - Loaded plugin ipmanager (category:base,tabindex:5)
2023-08-06 01:20:10,330 [INFO] PluginManage:310 - Check plugin lpbam
2023-08-06 01:20:10,360 [INFO] PluginManage:359 - Loaded plugin lpbam (category:base,tabindex:0)
2023-08-06 01:20:10,360 [INFO] PluginManage:310 - Check plugin memorymap
2023-08-06 01:20:10,396 [INFO] PluginManage:359 - Loaded plugin memorymap (category:base,tabindex:4)
2023-08-06 01:20:10,396 [INFO] PluginManage:310 - Check plugin pinoutandconfiguration
2023-08-06 01:20:10,425 [INFO] PluginManage:359 - Loaded plugin pinoutandconfiguration (category:base,tabindex:1)
2023-08-06 01:20:10,425 [INFO] PluginManage:310 - Check plugin pinoutconfig
2023-08-06 01:20:10,591 [WARN] SupportedApi:132 - Cannot load RTOS API schema: s4s-elt-must-match.1: The content of 'definitions' must match (annotation?, (simpleType | complexType)?, (unique | key | keyref)*)). A problem was found starting at: attribute.
2023-08-06 01:20:10,820 [INFO] PluginManage:359 - Loaded plugin pinoutconfig (category:base,tabindex:0)
2023-08-06 01:20:10,820 [INFO] PluginManage:310 - Check plugin power
2023-08-06 01:20:10,853 [INFO] PluginManage:359 - Loaded plugin power (category:power,tabindex:4)
2023-08-06 01:20:10,853 [INFO] PluginManage:310 - Check plugin projectmanager
2023-08-06 01:20:10,876 [INFO] PluginManage:359 - Loaded plugin projectmanager (category:projectmanager,tabindex:3)
2023-08-06 01:20:10,877 [INFO] PluginManage:310 - Check plugin thirdparty
2023-08-06 01:20:11,284 [INFO] PluginManage:359 - Loaded plugin thirdparty (category:base,tabindex:-1)
2023-08-06 01:20:11,284 [WARN] IntegrityCheckThread:84 - waiting for thirdparty lock release [integrity check]
2023-08-06 01:20:11,285 [INFO] PluginManage:310 - Check plugin tools
2023-08-06 01:20:11,285 [INFO] IntegrityCheckThread:86 - entering critical section [integrity check]
2023-08-06 01:20:11,286 [INFO] ThirdPartyUpdaterWithRetryManager:70 - Updater plugin not ready yet. [1/15]
2023-08-06 01:20:11,348 [INFO] PluginManage:359 - Loaded plugin tools (category:base,tabindex:7)
2023-08-06 01:20:11,349 [INFO] PluginManage:310 - Check plugin tutovideos
2023-08-06 01:20:11,666 [INFO] PluginManage:359 - Loaded plugin tutovideos (category:base,tabindex:-1)
2023-08-06 01:20:11,666 [INFO] PluginManage:310 - Check plugin updater
2023-08-06 01:20:11,683 [INFO] PluginManage:359 - Loaded plugin updater (category:base,tabindex:12)
2023-08-06 01:20:11,683 [INFO] PluginManage:310 - Check plugin userauth
2023-08-06 01:20:11,691 [INFO] UserAuth:113 - Init User Auth plugin
2023-08-06 01:20:11,691 [INFO] PluginManage:359 - Loaded plugin userauth (category:base,tabindex:14)
2023-08-06 01:20:11,691 [INFO] PluginManage:283 - PluginManage : Loaded plugins [17]
2023-08-06 01:20:12,050 [INFO] PinOutPanel:1499 - setPackage(No Configuration,No Configuration)
2023-08-06 01:20:12,221 [INFO] CADModel:165 - CPN selected for project level
2023-08-06 01:20:12,221 [INFO] CADModel:114 - Register for checkConnection events
2023-08-06 01:20:12,255 [INFO] IPUIPlugin:80 - create IPUIPlugin
2023-08-06 01:20:12,256 [INFO] PluginManager:220 - loadIPPluginJar : add adc
2023-08-06 01:20:12,312 [INFO] IPUIPlugin:80 - create IPUIPlugin
2023-08-06 01:20:12,313 [INFO] PluginManager:220 - loadIPPluginJar : add aes
2023-08-06 01:20:12,370 [INFO] IPUIPlugin:80 - create IPUIPlugin
2023-08-06 01:20:12,370 [INFO] PluginManager:220 - loadIPPluginJar : add can
2023-08-06 01:20:12,397 [INFO] IPUIPlugin:80 - create IPUIPlugin
2023-08-06 01:20:12,398 [INFO] PluginManager:220 - loadIPPluginJar : add comp
2023-08-06 01:20:12,438 [INFO] IPUIPlugin:80 - create IPUIPlugin
2023-08-06 01:20:12,439 [INFO] PluginManager:220 - loadIPPluginJar : add cryp
2023-08-06 01:20:12,480 [INFO] IPUIPlugin:80 - create IPUIPlugin
2023-08-06 01:20:12,480 [INFO] PluginManager:220 - loadIPPluginJar : add dfsdm
2023-08-06 01:20:12,497 [INFO] IPUIPlugin:80 - create IPUIPlugin
2023-08-06 01:20:12,498 [INFO] PluginManager:220 - loadIPPluginJar : add dma
2023-08-06 01:20:12,542 [INFO] IPUIPlugin:80 - create IPUIPlugin
2023-08-06 01:20:12,542 [INFO] PluginManager:220 - loadIPPluginJar : add dma3
2023-08-06 01:20:12,562 [INFO] IPUIPlugin:80 - create IPUIPlugin
2023-08-06 01:20:12,562 [INFO] PluginManager:220 - loadIPPluginJar : add fatfs
2023-08-06 01:20:12,614 [INFO] IPUIPlugin:80 - create IPUIPlugin
2023-08-06 01:20:12,614 [INFO] PluginManager:220 - loadIPPluginJar : add fmc
2023-08-06 01:20:12,629 [INFO] IPUIPlugin:80 - create IPUIPlugin
2023-08-06 01:20:12,629 [INFO] PluginManager:220 - loadIPPluginJar : add freertos
2023-08-06 01:20:12,652 [INFO] IPUIPlugin:80 - create IPUIPlugin
2023-08-06 01:20:12,652 [INFO] PluginManager:220 - loadIPPluginJar : add genericplugin
2023-08-06 01:20:12,761 [INFO] IPUIPlugin:80 - create IPUIPlugin
2023-08-06 01:20:12,761 [INFO] PluginManager:220 - loadIPPluginJar : add gfxmmu
2023-08-06 01:20:12,940 [INFO] IPUIPlugin:80 - create IPUIPlugin
2023-08-06 01:20:12,940 [INFO] PluginManager:220 - loadIPPluginJar : add gic
2023-08-06 01:20:12,965 [INFO] IPUIPlugin:80 - create IPUIPlugin
2023-08-06 01:20:12,966 [INFO] PluginManager:220 - loadIPPluginJar : add gpio
2023-08-06 01:20:13,135 [INFO] IPUIPlugin:80 - create IPUIPlugin
2023-08-06 01:20:13,136 [INFO] PluginManager:220 - loadIPPluginJar : add gtzc
2023-08-06 01:20:13,201 [INFO] IPUIPlugin:80 - create IPUIPlugin
2023-08-06 01:20:13,201 [INFO] PluginManager:220 - loadIPPluginJar : add hash
2023-08-06 01:20:13,302 [INFO] IPUIPlugin:80 - create IPUIPlugin
2023-08-06 01:20:13,302 [INFO] PluginManager:220 - loadIPPluginJar : add i2c
2023-08-06 01:20:13,378 [INFO] IPUIPlugin:80 - create IPUIPlugin
2023-08-06 01:20:13,379 [INFO] PluginManager:220 - loadIPPluginJar : add i2s
2023-08-06 01:20:13,462 [INFO] IPUIPlugin:80 - create IPUIPlugin
2023-08-06 01:20:13,462 [INFO] PluginManager:220 - loadIPPluginJar : add i3c
2023-08-06 01:20:13,675 [INFO] IPUIPlugin:80 - create IPUIPlugin
2023-08-06 01:20:13,675 [INFO] PluginManager:220 - loadIPPluginJar : add ipddr
2023-08-06 01:20:13,842 [INFO] IPUIPlugin:80 - create IPUIPlugin
2023-08-06 01:20:13,842 [INFO] PluginManager:220 - loadIPPluginJar : add linkedlist
2023-08-06 01:20:13,893 [INFO] IPUIPlugin:80 - create IPUIPlugin
2023-08-06 01:20:13,893 [INFO] PluginManager:220 - loadIPPluginJar : add lorawan
2023-08-06 01:20:13,955 [INFO] IPUIPlugin:80 - create IPUIPlugin
2023-08-06 01:20:13,955 [INFO] PluginManager:220 - loadIPPluginJar : add ltdc
2023-08-06 01:20:13,984 [INFO] IPUIPlugin:80 - create IPUIPlugin
2023-08-06 01:20:13,984 [INFO] PluginManager:220 - loadIPPluginJar : add mdma
2023-08-06 01:20:14,008 [INFO] IPUIPlugin:80 - create IPUIPlugin
2023-08-06 01:20:14,009 [INFO] PluginManager:220 - loadIPPluginJar : add nvic
2023-08-06 01:20:14,060 [INFO] IPUIPlugin:80 - create IPUIPlugin
2023-08-06 01:20:14,060 [INFO] PluginManager:220 - loadIPPluginJar : add opamp
2023-08-06 01:20:14,135 [INFO] IPUIPlugin:80 - create IPUIPlugin
2023-08-06 01:20:14,135 [INFO] PluginManager:220 - loadIPPluginJar : add openamp
2023-08-06 01:20:14,197 [INFO] IPUIPlugin:80 - create IPUIPlugin
2023-08-06 01:20:14,197 [INFO] PluginManager:220 - loadIPPluginJar : add pdm2pcm
2023-08-06 01:20:14,211 [INFO] IPUIPlugin:80 - create IPUIPlugin
2023-08-06 01:20:14,214 [INFO] PluginManager:220 - loadIPPluginJar : add plateformsettings
2023-08-06 01:20:14,237 [INFO] IPUIPlugin:80 - create IPUIPlugin
2023-08-06 01:20:14,237 [INFO] PluginManager:220 - loadIPPluginJar : add quadspi
2023-08-06 01:20:14,250 [INFO] IPUIPlugin:80 - create IPUIPlugin
2023-08-06 01:20:14,250 [INFO] PluginManager:220 - loadIPPluginJar : add resmgrutility
2023-08-06 01:20:14,289 [INFO] ThirdPartyUpdaterWithRetryManager:70 - Updater plugin not ready yet. [2/15]
2023-08-06 01:20:14,308 [INFO] IPUIPlugin:80 - create IPUIPlugin
2023-08-06 01:20:14,308 [INFO] PluginManager:220 - loadIPPluginJar : add sai
2023-08-06 01:20:14,355 [INFO] IPUIPlugin:80 - create IPUIPlugin
2023-08-06 01:20:14,356 [INFO] PluginManager:220 - loadIPPluginJar : add spi
2023-08-06 01:20:14,426 [INFO] IPUIPlugin:80 - create IPUIPlugin
2023-08-06 01:20:14,427 [INFO] PluginManager:220 - loadIPPluginJar : add stm32_wpan
2023-08-06 01:20:14,450 [INFO] IPUIPlugin:80 - create IPUIPlugin
2023-08-06 01:20:14,450 [INFO] PluginManager:220 - loadIPPluginJar : add tim
2023-08-06 01:20:14,512 [INFO] IPUIPlugin:80 - create IPUIPlugin
2023-08-06 01:20:14,512 [INFO] PluginManager:220 - loadIPPluginJar : add touchsensing
2023-08-06 01:20:14,536 [INFO] IPUIPlugin:80 - create IPUIPlugin
2023-08-06 01:20:14,536 [INFO] PluginManager:220 - loadIPPluginJar : add tracer_emb
2023-08-06 01:20:14,559 [INFO] IPUIPlugin:80 - create IPUIPlugin
2023-08-06 01:20:14,559 [INFO] PluginManager:220 - loadIPPluginJar : add ts
2023-08-06 01:20:14,581 [INFO] IPUIPlugin:80 - create IPUIPlugin
2023-08-06 01:20:14,582 [INFO] PluginManager:220 - loadIPPluginJar : add tsc
2023-08-06 01:20:14,604 [INFO] IPUIPlugin:80 - create IPUIPlugin
2023-08-06 01:20:14,604 [INFO] PluginManager:220 - loadIPPluginJar : add ucpd
2023-08-06 01:20:14,645 [INFO] IPUIPlugin:80 - create IPUIPlugin
2023-08-06 01:20:14,645 [INFO] PluginManager:220 - loadIPPluginJar : add usart
2023-08-06 01:20:14,685 [INFO] IPUIPlugin:80 - create IPUIPlugin
2023-08-06 01:20:14,686 [INFO] PluginManager:220 - loadIPPluginJar : add usbx
2023-08-06 01:20:14,824 [INFO] CADModel:165 - CPN selected for project level
2023-08-06 01:20:14,824 [INFO] CADModel:114 - Register for checkConnection events
2023-08-06 01:20:14,825 [FATAL] Updater:308 - Updater called before beeing initialized
2023-08-06 01:20:14,825 [ERROR] CADModel:125 - Updater not yet initialized, retry later 
2023-08-06 01:20:15,010 [INFO] CADModel:165 - CPN selected for project level
2023-08-06 01:20:15,010 [INFO] CADModel:114 - Register for checkConnection events
2023-08-06 01:20:15,010 [FATAL] Updater:308 - Updater called before beeing initialized
2023-08-06 01:20:15,010 [ERROR] CADModel:125 - Updater not yet initialized, retry later 
2023-08-06 01:20:15,014 [FATAL] Updater:308 - Updater called before beeing initialized
2023-08-06 01:20:15,133 [FATAL] Updater:308 - Updater called before beeing initialized
2023-08-06 01:20:15,144 [INFO] DbMcusAds:53 - JSON generation date=Tue Mar 07 15:50:55 ICT 2023 (1678179055114)
2023-08-06 01:20:15,145 [FATAL] Updater:308 - Updater called before beeing initialized
2023-08-06 01:20:15,221 [WARN] DetailPanel:346 - Failed to get advertising image, set to default
2023-08-06 01:20:15,362 [FATAL] Updater:308 - Updater called before beeing initialized
2023-08-06 01:20:15,365 [FATAL] Updater:308 - Updater called before beeing initialized
2023-08-06 01:20:15,365 [FATAL] Updater:308 - Updater called before beeing initialized
2023-08-06 01:20:15,365 [WARN] DetailPanel:346 - Failed to get advertising image, set to default
2023-08-06 01:20:15,366 [FATAL] Updater:308 - Updater called before beeing initialized
2023-08-06 01:20:15,433 [ERROR] Updater:1120 - MainUpdater not yet initialized. External WinMGr cannot be set.
2023-08-06 01:20:15,443 [INFO] Updater:1056 - Updater Version found : 6.9.0
2023-08-06 01:20:15,465 [INFO] ApplicationProperties:184 - Using Application install path: C:\ST\STM32CubeIDE_1.13.0\STM32CubeIDE\plugins\com.st.stm32cube.common.mx_6.9.0.202307051724
2023-08-06 01:20:15,668 [INFO] MainUpdater:2868 - connection check result : 10
2023-08-06 01:20:15,669 [INFO] MainUpdater:285 - Updater Check For Update Now.
2023-08-06 01:20:15,669 [INFO] MicroXplorer:498 - Change Database Version : DB.6.0.90
2023-08-06 01:20:15,692 [INFO] McuFinderGlobals:63 - Set McuFinder mode to 2 (CubeIDE integrated)
2023-08-06 01:20:15,693 [INFO] UserAuth:179 - activating auth plugin
2023-08-06 01:20:15,696 [INFO] UserAuth:393 - Internet connection configuration mode: 1
2023-08-06 01:20:15,730 [INFO] JxBrowserEngine:151 - Initiate JxBrowser Engine with user profile folder
2023-08-06 01:20:15,900 [INFO] CheckServerUpdateThread:120 - End of CheckServer Thread
2023-08-06 01:20:17,474 [WARN] PackLoader:240 - Cannot read IP mode file for STMicroelectronics.X-CUBE-GNSS1.6.0.0
2023-08-06 01:20:17,540 [WARN] PackLoader:240 - Cannot read IP mode file for STMicroelectronics.X-CUBE-AZRTOS-F4.1.1.0
2023-08-06 01:20:17,571 [WARN] PackLoader:240 - Cannot read IP mode file for STMicroelectronics.X-CUBE-SMBUS.2.1.0
2023-08-06 01:20:17,596 [WARN] PackLoader:240 - Cannot read IP mode file for STMicroelectronics.X-CUBE-BLEMGR.1.2.0
2023-08-06 01:20:17,985 [WARN] PackLoader:240 - Cannot read IP mode file for STMicroelectronics.X-CUBE-AZRTOS-F7.1.1.0
2023-08-06 01:20:18,110 [WARN] PackLoader:240 - Cannot read IP mode file for STMicroelectronics.X-CUBE-MEMS1.9.6.0
2023-08-06 01:20:18,487 [WARN] PackLoader:240 - Cannot read IP mode file for STMicroelectronics.FP-SNS-MOTENV1.4.3.2
2023-08-06 01:20:18,540 [WARN] PackLoader:240 - Cannot read IP mode file for STMicroelectronics.X-CUBE-BLE1.6.2.4
2023-08-06 01:20:18,583 [WARN] PackLoader:240 - Cannot read IP mode file for STMicroelectronics.X-CUBE-BLEMGR.2.0.0
2023-08-06 01:20:18,614 [WARN] PackLoader:240 - Cannot read IP mode file for STMicroelectronics.FP-SNS-FLIGHT1.5.0.2
2023-08-06 01:20:18,681 [WARN] ConditionMgr:438 - getConditionDescription Invalid condition id : UX DEVICE CLASS RTOS Condition cause : null
2023-08-06 01:20:18,681 [WARN] ConditionMgr:438 - getConditionDescription Invalid condition id : UX DEVICE CLASS RTOS Condition cause : null
2023-08-06 01:20:18,689 [WARN] PackLoader:240 - Cannot read IP mode file for STMicroelectronics.X-CUBE-AZRTOS-H7.3.1.0
2023-08-06 01:20:18,691 [WARN] ConditionMgr:1039 - genDependencies : Invalid condition id : UX DEVICE CLASS RTOS Condition cause : null
2023-08-06 01:20:18,691 [WARN] ConditionMgr:1039 - genDependencies : Invalid condition id : UX DEVICE CLASS RTOS Condition cause : null
2023-08-06 01:20:18,692 [WARN] ConditionMgr:1039 - genDependencies : Invalid condition id : UX DEVICE CLASS RTOS Condition cause : null
2023-08-06 01:20:18,693 [WARN] ConditionMgr:1039 - genDependencies : Invalid condition id : UX DEVICE CLASS RTOS Condition cause : null
2023-08-06 01:20:18,695 [WARN] ConditionMgr:1039 - genDependencies : Invalid condition id : UX DEVICE CLASS RTOS Condition cause : null
2023-08-06 01:20:18,729 [INFO] WebApp:157 - Instantiating new browser for Auth
2023-08-06 01:20:18,752 [WARN] PackLoader:240 - Cannot read IP mode file for STMicroelectronics.X-CUBE-TOUCHGFX.4.22.0
2023-08-06 01:20:18,790 [WARN] PackLoader:240 - Cannot read IP mode file for STMicroelectronics.X-CUBE-NFC7.1.0.1
2023-08-06 01:20:18,956 [WARN] PackLoader:240 - Cannot read IP mode file for STMicroelectronics.X-CUBE-MEMS1.9.3.0
2023-08-06 01:20:19,197 [WARN] PackLoader:240 - Cannot read IP mode file for STMicroelectronics.X-CUBE-EEPRMA1.4.1.0
2023-08-06 01:20:19,229 [INFO] LogOutputStream:77 - [STDOUT_REDIRECT] 1 : Invalid condition id : UX_CORESTACK_Condition cause : null
2023-08-06 01:20:19,230 [INFO] LogOutputStream:77 - [STDOUT_REDIRECT] 1 : Invalid condition id : UX_CORESTACK_Condition cause : null
2023-08-06 01:20:19,232 [INFO] LogOutputStream:77 - [STDOUT_REDIRECT] 1 : Invalid condition id : UX_CORESTACK_Condition cause : null
2023-08-06 01:20:19,234 [INFO] LogOutputStream:77 - [STDOUT_REDIRECT] 1 : Invalid condition id : UX_CORESTACK_Condition cause : null
2023-08-06 01:20:19,237 [INFO] LogOutputStream:77 - [STDOUT_REDIRECT] 1 : Invalid condition id : UX_CORESTACK_Condition cause : null
2023-08-06 01:20:19,242 [WARN] PackLoader:240 - Cannot read IP mode file for STMicroelectronics.X-CUBE-AZRTOS-WL.2.0.0
2023-08-06 01:20:19,285 [WARN] ConditionMgr:438 - getConditionDescription Invalid condition id : LAN8742 Phy interface Condition cause : null
2023-08-06 01:20:19,285 [WARN] PackLoader:240 - Cannot read IP mode file for STMicroelectronics.X-CUBE-AZRTOS-L4.2.0.0
2023-08-06 01:20:19,287 [WARN] ConditionMgr:1039 - genDependencies : Invalid condition id : LAN8742 Phy interface Condition cause : null
2023-08-06 01:20:19,287 [WARN] ConditionMgr:1039 - genDependencies : Invalid condition id : LAN8742 Phy interface Condition cause : null
2023-08-06 01:20:19,288 [WARN] ConditionMgr:1039 - genDependencies : Invalid condition id : LAN8742 Phy interface Condition cause : null
2023-08-06 01:20:19,308 [WARN] PackLoader:240 - Cannot read IP mode file for WES.I-CUBE-Cesium.1.3.0
2023-08-06 01:20:19,327 [WARN] PackLoader:240 - Cannot read IP mode file for STMicroelectronics.X-CUBE-SFXS2LP1.4.0.0
2023-08-06 01:20:19,345 [WARN] PackLoader:240 - Cannot read IP mode file for STMicroelectronics.X-CUBE-BLE2.3.3.0
2023-08-06 01:20:19,369 [WARN] PackLoader:240 - Cannot read IP mode file for STMicroelectronics.X-CUBE-TOF1.3.2.0
2023-08-06 01:20:19,420 [WARN] PackLoader:240 - Cannot read IP mode file for STMicroelectronics.X-CUBE-AZRTOS-H7.3.0.0
2023-08-06 01:20:19,445 [WARN] PackLoader:240 - Cannot read IP mode file for STMicroelectronics.X-CUBE-ISPU.1.0.0
2023-08-06 01:20:19,463 [WARN] PackLoader:240 - Cannot read IP mode file for STMicroelectronics.X-CUBE-ISPU.1.1.0
2023-08-06 01:20:19,481 [WARN] PackLoader:240 - Cannot read IP mode file for STMicroelectronics.X-CUBE-FREERTOS.1.0.1
2023-08-06 01:20:19,498 [WARN] PackLoader:240 - Cannot read IP mode file for STMicroelectronics.X-CUBE-TOUCHGFX.4.21.1
2023-08-06 01:20:19,573 [WARN] PackLoader:240 - Cannot read IP mode file for STMicroelectronics.X-CUBE-MEMS1.9.4.0
2023-08-06 01:20:19,753 [WARN] PackLoader:240 - Cannot read IP mode file for STMicroelectronics.X-CUBE-AI.7.3.0
2023-08-06 01:20:19,785 [WARN] PackLoader:240 - Cannot read IP mode file for STMicroelectronics.X-CUBE-AZRTOS-L5.1.1.0
2023-08-06 01:20:19,820 [WARN] PackLoader:240 - Cannot read IP mode file for STMicroelectronics.X-CUBE-AZRTOS-G0.1.1.0
2023-08-06 01:20:19,838 [WARN] PackLoader:240 - Cannot read IP mode file for STMicroelectronics.X-CUBE-AI.8.0.1
2023-08-06 01:20:19,852 [WARN] PackLoader:240 - Cannot read IP mode file for STMicroelectronics.X-CUBE-NFC4.3.0.0
2023-08-06 01:20:19,872 [WARN] PackLoader:240 - Cannot read IP mode file for STMicroelectronics.X-CUBE-TOF1.3.3.1
2023-08-06 01:20:19,920 [WARN] PackLoader:240 - Cannot read IP mode file for STMicroelectronics.X-CUBE-AZRTOS-G4.2.0.0
2023-08-06 01:20:19,936 [WARN] PackLoader:240 - Cannot read IP mode file for STMicroelectronics.FP-ATR-ASTRA1.1.1.1
2023-08-06 01:20:19,957 [WARN] PackLoader:240 - Cannot read IP mode file for STMicroelectronics.X-CUBE-BLEMGR.1.3.0
2023-08-06 01:20:19,975 [WARN] PackLoader:240 - Cannot read IP mode file for STMicroelectronics.FP-ATR-SIGFOX1.3.2.0
2023-08-06 01:20:19,976 [INFO] WebApp:753 - Register for checkConnection events
2023-08-06 01:20:19,976 [INFO] WebApp:390 - Apply proxy settings
2023-08-06 01:20:19,977 [INFO] WebApp:475 - Chromium requires no authentication
2023-08-06 01:20:19,989 [WARN] PackLoader:240 - Cannot read IP mode file for STMicroelectronics.X-CUBE-TOUCHGFX.4.20.0
2023-08-06 01:20:19,991 [INFO] WebApp:418 - Direct internet connection detected
2023-08-06 01:20:20,033 [WARN] PackLoader:240 - Cannot read IP mode file for STMicroelectronics.X-CUBE-AZRTOS-WB.1.1.0
2023-08-06 01:20:20,085 [WARN] PackLoader:240 - Cannot read IP mode file for SEGGER.I-CUBE-embOS.1.3.1
2023-08-06 01:20:20,141 [WARN] PackLoader:240 - Cannot read IP mode file for STMicroelectronics.FP-ATR-ASTRA1.2.0.0
2023-08-06 01:20:20,142 [INFO] ThirdParty:978 - Integrity check success = true
2023-08-06 01:20:20,142 [INFO] IntegrityCheckThread:100 - exiting critical section [integrity check]
2023-08-06 01:20:20,142 [INFO] IntegrityCheckThread:103 - End integrity checks thread
2023-08-06 01:20:20,314 [INFO] WebApp:188 - Starting web application
2023-08-06 01:20:20,314 [INFO] WebApp:520 - Web application path used C:\ST\STM32CubeIDE_1.13.0\STM32CubeIDE\plugins\com.st.stm32cube.common.mx_6.9.0.202307051724\db\plugins\mcufinder\reactClient1\index.html
